#OK0|#U6Артур4ик;|
#MAОбщий чат;Артур4ик;здарова хлопцы|
#MAОбщий чат;Артур4ик;ыы|
#MAОбщий чат;Артур4ик;как дела|
#MAОбщий чат;Артур4ик;епт|
#OK0|#U6Артур4ик;|
#MAОбщий чат;Артур4ик;ывпыв|
#MAОбщий чат;Артур4ик;афы|
#MAОбщий чат;Артур4ик;а|
#MAОбщий чат;Артур4ик;фы|
#MAОбщий чат;Артур4ик;афц|
#MAОбщий чат;Артур4ик;|
#MAОбщий чат;Артур4ик;аф|
#MAОбщий чат;Артур4ик;цац|
#MAОбщий чат;Артур4ик;а|
#MAОбщий чат;Артур4ик;фц|
#MAОбщий чат;Артур4ик;афц|
#MAОбщий чат;Артур4ик;а|
#MAОбщий чат;Артур4ик;|
#MAОбщий чат;Артур4ик;|
#MAОбщий чат;Артур4ик;|
#MAОбщий чат;Артур4ик;|
#MAОбщий чат;Артур4ик;|
#MAОбщий чат;Артур4ик;|
#MAОбщий чат;Артур4ик;ву|
#MAОбщий чат;Артур4ик;|
#MAОбщий чат;Артур4ик;в|
#OK0|#U6Артур4ик;|
#OK0|#U6Артур4ик;|
#OK0|#U6Артур4ик;|
#CH2Артур4ик|
#CH0Артур4ик|
#OK0|#U6Артур4ик;|
#CH0Артур4ик|
#CH2Артур4ик|
#CH6Артур4ик|
#F|
#Z|
#OK1|#U6Артур4ик;6Пидр;|
#CH1Пидр|
#CH2Артур4ик|
#MАртур4ик;Пидр;здарова броо|
#MПидр;;ку|
#MПидр;;ыы|
#H|
#U1Пидр;|
#OK1|#U2Артур4ик;6Пидр;|
#CH1Пидр|
#MПидр;Артур4ик;здарова|
#MАртур4ик;Пидр;ку|
#MАртур4ик;Пидр;братиишь|
#MАртур4ик;Пидр;чв|
#MПидр;Артур4ик;авыа|
#MПидр;Артур4ик;ку|
#MПидр;Артур4ик;как дела|
#H|
#U1Пидр;|
#OK0|#U6Артур4ик;|
#U6Артур4ик;6Пидр;|
#CH4Артур4ик|
#CH1Пидр|
#MПидр;Артур4ик;ку|
#MПидр;Артур4ик;как дела|
#MПидр;Артур4ик;кы|
#MПидр;Артур4ик;аы|
#MПидр;Артур4ик;ва|
#MПидр;Артур4ик;выа|
#MПидр;Артур4ик;ыв|
#MПидр;Артур4ик;|
#MПидр;Артур4ик;цп|
#MПидр;Артур4ик;у|
#MПидр;Артур4ик;пцу|
#MПидр;Артур4ик;пцу|
#MПидр;Артур4ик;|
#MПидр;Артур4ик;уа|
#MПидр;Артур4ик;ы|
#MПидр;Артур4ик;ав|
#MПидр;Артур4ик;ыа|
#MПидр;Артур4ик;ы|
#MПидр;Артур4ик;в|
#MПидр;Артур4ик;п|
#MПидр;Артур4ик;цу|
#MПидр;Артур4ик;п|
#MПидр;Артур4ик;у|
#MПидр;Артур4ик;п|
#MПидр;Артур4ик;ц|
#MПидр;Артур4ик;|
#MПидр;Артур4ик;|
#MПидр;Артур4ик;|
#MПидр;Артур4ик;ы|
#MПидр;Артур4ик;ы|
#MПидр;Артур4ик;|
#MАртур4ик;Пидр;ы|
#MАртур4ик;Пидр;ы|
#MАртур4ик;Пидр;ы|
#MАртур4ик;Пидр;ы|
#MАртур4ик;Пидр;ы|
#MАртур4ик;Пидр;ы|
#MАртур4ик;Пидр;ы|
#MАртур4ик;Пидр;ы|
#MАртур4ик;Пидр;ы|
#MАртур4ик;Пидр;в|
#MАртур4ик;Пидр;в|
#MАртур4ик;Пидр;в|
#MАртур4ик;Пидр;ы|
#MАртур4ик;Пидр;в|
#MАртур4ик;Пидр;ы|
#MАртур4ик;Пидр;ку|
#MАртур4ик;Пидр;чв|
#MПидр;Артур4ик;авыа|
#H|
#U4Артур4ик;|
#OK1|#U6Пидр;6Артур4ик;|
#CH2Артур4ик|
#CH4Пидр|
#MПидр;Артур4ик;ку|
#MПидр;Артур4ик;бро|
#MАртур4ик;Пидр;ай здарова|
#MАртур4ик;Пидр;пацанчик|
#MАртур4ик;Пидр;ы|
#MАртур4ик;Пидр;чв|
#MПидр;Артур4ик;хыхы|
#MПидр;Артур4ик;ку|
#MПидр;Артур4ик;блеять|
#MПидр;Артур4ик;я рулю|
#H|
#U2Артур4ик;|
#OK0|#U6Артур4ик;|
#U6Артур4ик;6Пидр;|
#CH2Артур4ик|
#CH0Пидр|
#MПидр;Артур4ик;ку ебака|
#MАртур4ик;Пидр;здарова|
#MАртур4ик;Пидр;ебать|
#MАртур4ик;Пидр;как дела|
#MАртур4ик;Пидр;чв|
#MПидр;Артур4ик;да ваще ахуенна|
#H|
#U2Артур4ик;|
#F|
#OK1|#U6Артур4ик;6Пидр;|
#CH2Артур4ик|
#CH4Пидр|
#MПидр;Артур4ик;ку|
#MПидр;Артур4ик;ебака|
#MАртур4ик;Пидр;здарова|
#MАртур4ик;Пидр;епт|
#MПидр;Артур4ик;ы|
#MПидр;Артур4ик;е|
#MПидр;Артур4ик;ыва|
#MПидр;Артур4ик;вы|
#MПидр;Артур4ик;|
#MПидр;Артур4ик;|
#MПидр;Артур4ик;|
#MПидр;Артур4ик;|
#MПидр;Артур4ик;|
#MПидр;Артур4ик;|
#MПидр;Артур4ик;|
#MПидр;Артур4ик;|
#MПидр;Артур4ик;|
#MПидр;Артур4ик;|
#MAОбщий чат;Артур4ик;ку|
#MAОбщий чат;Артур4ик;ы|
#MAОбщий чат;Артур4ик;ы|
#MAОбщий чат;Артур4ик;ы|
#MAОбщий чат;Артур4ик;ы|
#MAОбщий чат;Артур4ик;ы|
#MAОбщий чат;Пидр;ку|
#MAОбщий чат;Пидр;ы|
#MAОбщий чат;Пидр;заебал|
#MAОбщий чат;Пидр;чв|
#MAОбщий чат;Пидр;ы|
#MAОбщий чат;Пидр;ы|
#MAОбщий чат;Пидр;ы|
#CH6Пидр|
#CH4Пидр|
#MПидр;Артур4ик;|
#H|
#U2Артур4ик;4Пидр;|
#U2Артур4ик;4Пидр;6Чел;|
#CH0Чел|
#MПидр;Чел;ку|
#MЧел;Пидр;здаров|
#MПидр;Чел;как делища|
#MПидр;Чел;епт|
#H|
#U0Чел;4Пидр;|
#H|
#U4Пидр;|
#OK0|#U6Артур4ик;|
#OK1|#U6Артур4ик;6Пидр;|
#CH1Пидр|
#CH0Артур4ик|
#MПидр;Артур4ик;123|
#MПидр;Артур4ик;ку|
#MПидр;Артур4ик;ы|
#MПидр;Артур4ик;чв|
#MАртур4ик;Пидр;здарова|
#MАртур4ик;Пидр;чв|
#MAОбщий чат;Пидр;ладго|
#MAОбщий чат;Пидр;хуи|
#MAОбщий чат;Пидр;с вами|
#MAОбщий чат;Пидр;аыва|
#CH0Артур4ик|
#MAОбщий чат;Пидр;уццу|
#MAОбщий чат;Пидр;ывпы|
#MAОбщий чат;Пидр;в|
#CH2Артур4ик|
#MAОбщий чат;Пидр;вы|
#MAОбщий чат;Пидр;п|
#MAОбщий чат;Пидр;уц|
#MAОбщий чат;Пидр;п|
#MAОбщий чат;Пидр;ц|
#MАртур4ик;Пидр;афыафы|
#MАртур4ик;Пидр;а|
#MAОбщий чат;Артур4ик;ну|
#MAОбщий чат;Артур4ик;епт|
#MAОбщий чат;Артур4ик;ты заебал|
#MПидр;Артур4ик;ты тоже|
#H|
#U1Пидр;|
#OK0|#U6Артур4ик;|
#CH2Артур4ик|
#H|
#U2Артур4ик;|
#H|
#U2Артур4ик;|
#H|
#U2Артур4ик;|
#U2Артур4ик;6Колян4ик;|
#MКолян4ик;Артур4ик;о здарова|
#MКолян4ик;Артур4ик;говнарь|
#MКолян4ик;Артур4ик;чв|
#MАртур4ик;Колян4ик;хай:D|
#MКолян4ик;Артур4ик;ништяк|
#MКолян4ик;Артур4ик;личка пашет|
#MАртур4ик;Колян4ик;ага|
#MКолян4ик;Артур4ик;чесно говоряя|
#MАртур4ик;Колян4ик;чувааак настройки кулл оформил|
#MКолян4ик;Артур4ик;ну норм|
#MКолян4ик;Артур4ик;старался как мог чв|
#MАртур4ик;Колян4ик;|
#MКолян4ик;Артур4ик;ну пустые мессаги еще не сделал|
#MКолян4ик;Артур4ик;влом было чв|
#MАртур4ик;Колян4ик;эмм|
#MАртур4ик;Колян4ик;у мя баг|
#MКолян4ик;Артур4ик;????|
#MАртур4ик;Колян4ик;гдже лог?|
#MКолян4ик;Артур4ик;лог при закрытии сейвится|
#MАртур4ик;Колян4ик;""is not a valid integer value|
#MКолян4ик;Артур4ик;потомуша если он постоянно будет сейвится твоему хдд пизда настанет через 2 минуты чввв|
#MКолян4ик;Артур4ик;кул|
#MАртур4ик;Колян4ик;при нажатии на месаджбокс|
#MКолян4ик;Артур4ик;о и правда|
#MКолян4ик;Артур4ик;ебаный мемо хД|
#MКолян4ик;Артур4ик;|
#MАртур4ик;Колян4ик;и так баг найден:D|
#MКолян4ик;Артур4ик;|
#MКолян4ик;Артур4ик;|
#MКолян4ик;Артур4ик;|
#MКолян4ик;Артур4ик;|
#MКолян4ик;Артур4ик;|
#MКолян4ик;Артур4ик;|
#MКолян4ик;Артур4ик;|
#MКолян4ик;Артур4ик;|
#MКолян4ик;Артур4ик;|
#MКолян4ик;Артур4ик;|
#MКолян4ик;Артур4ик;|
#MКолян4ик;Артур4ик;|
#MКолян4ик;Артур4ик;|
#MКолян4ик;Артур4ик;ой блядь чв|
#MКолян4ик;Артур4ик;сцук|
#MАртур4ик;Колян4ик;ух ебать багов|
#MКолян4ик;Артур4ик;эт не баг|
#MКолян4ик;Артур4ик;эт я энтер пережал|
#MКолян4ик;Артур4ик;чв|
#MКолян4ик;Артур4ик;кароч тут инвалид интеджер пофиксим|
#MАртур4ик;Колян4ик;я про инвалид интегер вэлоуе|
#MКолян4ик;Артур4ик;а про че?|
#MАртур4ик;Колян4ик;сука|
#MАртур4ик;Колян4ик;заебал этот баг|
#MКолян4ик;Артур4ик;ты закрой окошко|
#MКолян4ик;Артур4ик;и снова открой|
#MКолян4ик;Артур4ик;норм будет|
#MКолян4ик;Артур4ик;ебать|
#MКолян4ик;Артур4ик;выходим, щяс все пофиксю и снова тестить чв|
#MАртур4ик;Колян4ик;ок|
#OK1|#U6Артур4ик;6Пидр;|
#CH4Артур4ик|
#CH1Пидр|
#MПидр;Артур4ик;да ты заебал|
#MПидр;Артур4ик;афыы|
#H|
#U1Пидр;|
#OK0|#U6Артур4ик;|
#OK0|#U6Артур4ик;|
#OK0|#U6Артур4ик;|
#OK0|#U6Артур4ик;|
#OK0|#U6Артур4ик;|
#OK0|#U6Артур4ик;|
#CH3Артур4ик|
#MАртур4ик;Артур4ик;аыфафы|
#MАртур4ик;Артур4ик;п|
#MАртур4ик;Артур4ик;фцф|
#MАртур4ик;Артур4ик;п|
#MАртур4ик;Артур4ик;цф|
#MАртур4ик;Артур4ик;пф|
#MАртур4ик;Артур4ик;|
#OK0|#U6Артур4ик;|
#CH2Артур4ик|
#U2Артур4ик;6Колян4ик;|
#MАртур4ик;Колян4ик;хай|
#MКолян4ик;Артур4ик;ку|
#MКолян4ик;Артур4ик;и так|
#MАртур4ик;Колян4ик;чувак|
#MКолян4ик;Артур4ик;сменика статус|
#MАртур4ик;Колян4ик;а чё станет с рокзадротами?|
#MАртур4ик;Колян4ик;а?|
#CH3Колян4ик|
#MКолян4ик;Артур4ик;эмм|
#MАртур4ик;Колян4ик;?|
#MКолян4ик;Артур4ик;а я ебу чв|
#MКолян4ик;Артур4ик;|
#MКолян4ик;Артур4ик;|
#MКолян4ик;Артур4ик;|
#MКолян4ик;Артур4ик;блядь опять энтер пережал|
#MКолян4ик;Артур4ик;чв|
#MКолян4ик;Артур4ик;ну  так воть|
#MКолян4ик;Артур4ик;расскажи про малолетних задротоффф чв|
#MАртур4ик;Колян4ик;ну ты мне ответь на вопрос|
#MАртур4ик;Колян4ик;чё станет в будущем с задротами рокерами?|
#MАртур4ик;Колян4ик;а?|
#MАртур4ик;Колян4ик;знаешь?|
#MКолян4ик;Артур4ик;уебами вырастут|
#MАртур4ик;Колян4ик;ну некоторые мб и норм станут|
#MАртур4ик;Колян4ик;но большая часть|
#MАртур4ик;Колян4ик;переколется|
#MАртур4ик;Колян4ик;итд|
#MКолян4ик;Артур4ик;да ваще пп|
#MКолян4ик;Артур4ик;ц|
#MАртур4ик;Колян4ик;отростят зелёные волосы нахуй|
#MКолян4ик;Артур4ик;ептвоюмать|
#MАртур4ик;Колян4ик;чувак я реально|
#MКолян4ик;Артур4ик;ну|
#MКолян4ик;Артур4ик;суровая реальность|
#MКолян4ик;Артур4ик;че терь сделаешь|
#MКолян4ик;Артур4ик;вообще раньше норм люди были|
#MАртур4ик;Колян4ик;а если я слушаю музло конца прошлого века? чё будет со мной?|
#MКолян4ик;Артур4ик;а щяс какието пидорыыыыыыыыыыыы|
#MАртур4ик;Колян4ик;:D|
#MКолян4ик;Артур4ик;а хуи тя знает|
#MАртур4ик;Колян4ик;ну не стану таким выебаным из полена мудаком:D|
#MКолян4ик;Артур4ик;кстате зачем тут возможность писать самому себе? хДД|
#MАртур4ик;Колян4ик;от рока моня и с ума сойти|
#MАртур4ик;Колян4ик;вот ебу|
#MАртур4ик;Колян4ик;чв|
#MКолян4ик;Артур4ик;слуша|
#MАртур4ик;Колян4ик;а диско скажу я тебе успакаивает|
#MАртур4ик;Колян4ик;нехила|
#MАртур4ик;Колян4ик;хз поч даж|
#MКолян4ик;Артур4ик;у мя проблемэ с аркадддддиейй! |
#MАртур4ик;Колян4ик;какие?|
#MКолян4ик;Артур4ик;тут кароче я не ебу как сделать бесконечные окошки с сообщениями чв|
#MАртур4ик;Колян4ик;а ну типа квиповские?|
#MКолян4ик;Артур4ик;я могу сделать чтоб базарить можно было с 5, 10|
#MАртур4ик;Колян4ик;ааа|
#MКолян4ик;Артур4ик;но бесконечно хз|
#MКолян4ик;Артур4ик;всмысле максимум|
#MАртур4ик;Колян4ик;а на закладки?|
#MАртур4ик;Колян4ик;ушки типа|
#MАртур4ик;Колян4ик;динамичски добавляемые|
#MАртур4ик;Колян4ик;*динамически|
#MКолян4ик;Артур4ик;на закладки темболее не смогу, потому что всё нужно прорабатывать чувак|
#MКолян4ик;Артур4ик;там ептвою каждое окошко имеет свой кодец|
#MАртур4ик;Колян4ик;далана?|
#MКолян4ик;Артур4ик;ну он однотипный|
#MКолян4ик;Артур4ик;там номера разные всегда|
#MКолян4ик;Артур4ик;как сделать их бесконечно создаваемые? закладки допустим? да и еще как их закрывать?|
#MКолян4ик;Артур4ик;там нету вверху кнопочки закрыть чв|
#MКолян4ик;Артур4ик;как в квипе|
#MАртур4ик;Колян4ик;закрывать по крестику|
#MАртур4ик;Колян4ик;а ну тогда кнопочку|
#MАртур4ик;Колян4ик;отдельную|
#MАртур4ик;Колян4ик;на каждом подокне|
#MКолян4ик;Артур4ик;ну трудновато будет|
#MКолян4ик;Артур4ик;потом когда всё сделаю|
#MКолян4ик;Артур4ик;попробую реализовать|
#MКолян4ик;Артур4ик;а пока на данный момент протестировали|
#MАртур4ик;Колян4ик;и на эту кнопку привязать типа чтоб код равнялся NULL какоемунить|
#MКолян4ик;Артур4ик;кароч по итогам бета теста че можешь сказать?|
#MКолян4ик;Артур4ик;вроде косяков нету|
#MАртур4ик;Колян4ик;заебись) замена квипу в будущем|
#MАртур4ик;Колян4ик;главное чтоб ты это не забросил|
#MАртур4ик;Колян4ик;как чат|
#MКолян4ик;Артур4ик;чат был моей практикой)|
#MКолян4ик;Артур4ик;и полигоном для тестов так сказать чв|
#MКолян4ик;Артур4ик;а тут я хочу сделать что-то действительно рабочее|
#MАртур4ик;Колян4ик;)|
#MКолян4ик;Артур4ик;и стоящее|
#MКолян4ик;Артур4ик;к сожелению команды разработчиков совсем нету|
#MКолян4ик;Артур4ик;ни фотошоперов ни програмеров|
#MАртур4ик;Колян4ик;ну если ты мне дашь уроки по аркадии|
#MКолян4ик;Артур4ик;есть тока бета тестер это ты :D но извините бета тестер может быть любой нуб|
#MАртур4ик;Колян4ик;то мб я буду пахать|
#MКолян4ик;Артур4ик;да меня беспокоит что ты саму дельфу в разы хуже знаешь|
#MКолян4ик;Артур4ик;если ты тока мелочь какую делать сможешь|
#MАртур4ик;Колян4ик;ну я не задрот|
#MКолян4ик;Артур4ик;кароче ладно програмер буду я один|
#MКолян4ик;Артур4ик;дальше надо вить кого-то чтоб рисовал?|
#MКолян4ик;Артур4ик;у тяж друг нарисовал те аватарку?|
#MАртур4ик;Колян4ик;ну?|
#MКолян4ик;Артур4ик;вот пусь и мне нарисует эконку чв|
#MКолян4ик;Артур4ик;например|
#MАртур4ик;Колян4ик;оке:D побазарю с ним|
#MКолян4ик;Артур4ик;а мы его в дизайнеры|
#MКолян4ик;Артур4ик;скажи типо мы делаем аркадию |
#MКолян4ик;Артур4ик;|
#MКолян4ик;Артур4ик;|
#MКолян4ик;Артур4ик;|
#MКолян4ик;Артур4ик;|
#MКолян4ик;Артур4ик;|
#MАртур4ик;Колян4ик;заебал|
#MАртур4ик;Колян4ик;|
#MАртур4ик;Колян4ик;|
#MАртур4ик;Колян4ик;|
#MКолян4ик;Артур4ик;и типо дизайнер нужен|
#MКолян4ик;Артур4ик;да я не специальна чв|
#MКолян4ик;Артур4ик;нада антифлуд делать|
#MАртур4ик;Колян4ик;братиш, нана тёлку искать|
#MАртур4ик;Колян4ик;НЕТ НАХ НЕ НАНА ОН|
#MАртур4ик;Колян4ик;тёлку дизайнера|
#MКолян4ик;Артур4ик;а нэту!|
#MКолян4ик;Артур4ик;нэту таких|
#MКолян4ик;Артур4ик;знакомых покрайней мере|
#MАртур4ик;Колян4ик;ебать, нана какнить в асе найти|
#MАртур4ик;Колян4ик;когонить|
#MАртур4ик;Колян4ик;лет 17-18|
#MКолян4ик;Артур4ик;в поиске одини шлюхи сидят ни на что не годные|
#MАртур4ик;Колян4ик;познакомиться|
#MАртур4ик;Колян4ик;иии|
#MКолян4ик;Артур4ик;кстате|
#MКолян4ик;Артур4ик;я в далем будущем наверно сделаю смайлы без вебброузера|
#MКолян4ик;Артур4ик;у меня есть пару идей|
#MКолян4ик;Артур4ик;насчет этого|
#MАртур4ик;Колян4ик;ебать поиск жжот|
#MАртур4ик;Колян4ик;сука|
#MКолян4ик;Артур4ик;че?|
#MАртур4ик;Колян4ик;да тут пизда просто|
#MАртур4ик;Колян4ик;шалав|
#MКолян4ик;Артур4ик;хдд|
#MКолян4ик;Артур4ик;я вот о том же|
#MКолян4ик;Артур4ик;кароче|
#MКолян4ик;Артур4ик;думаю релиз замутим на конец праздников|
#MАртур4ик;Колян4ик;у мя ток 9(((|
#MАртур4ик;Колян4ик;суки|
#MКолян4ик;Артур4ик;ну вот 9 сделаем релиз|
#MКолян4ик;Артур4ик;а пока надо отшлифовать всё так сказать|
#MКолян4ик;Артур4ик;до блеска чв|
#MАртур4ик;Колян4ик;ы|
#MКолян4ик;Артур4ик;ладно меня тут чел просит кое че|
#MКолян4ик;Артур4ик;выходим ептэ|
#H|
#U2Артур4ик;|
#OK0|#U6Артур4ик;|
#OK0|#U6Артур4ик;|
#OK0|#U6Артур4ик;|
#OK0|#U6Артур4ик;|
#OK0|#U6Артур4ик;|
#MАртур4ик;Артур4ик;ку|
#MАртур4ик;Артур4ик;ебать|
#MАртур4ик;Артур4ик;как дела|
#MАртур4ик;Артур4ик;чв|
#OK1|#U6Артур4ик;6Пидр;|
#MAОбщий чат;Пидр;ку|
#MAОбщий чат;Пидр;ебалка|
#MAОбщий чат;Артур4ик;здаров|
#H|
#U6Пидр;|
#MAОбщий чат;Пидр;ку|
#MAОбщий чат;Пидр;ы|
#MAОбщий чат;Пидр;чв|
#MAОбщий чат;Пидр;как дела|
#OK0|#U6Артур4ик;|
#U6Артур4ик;6Пидр;|
#MПидр;Артур4ик;ку|
#MПидр;Артур4ик;как дела|
#MАртур4ик;Пидр;ку|
#MАртур4ик;Пидр;норм|
#H|
#U6Артур4ик;|
#MПидр;Артур4ик;ы|
#MПидр;Артур4ик;ну заебись|
#MAОбщий чат;Артур4ик;здаров поцоны|
#O|
#OK0|#U6парапапа;|
#O|
#OK0|#U6ку;|
#OK1|#U6Артур4ик;6Пидр;|
#CH4Пидр|
#CH2Артур4ик|
#MПидр;Артур4ик;ку нах|
#MПидр;Артур4ик;ку|
#MАртур4ик;Пидр;ку|
#MПидр;Артур4ик;как дела|
#MПидр;Артур4ик;а|
#MАртур4ик;Пидр;норм|
#MAОбщий чат;Артур4ик;ы|
#MAОбщий чат;Артур4ик;чв|
#MAОбщий чат;Артур4ик;а|
#MAОбщий чат;Артур4ик;а|
#MAОбщий чат;Артур4ик;а|
#MAОбщий чат;Артур4ик;а|
#MAОбщий чат;Артур4ик;а|
#MAОбщий чат;Артур4ик;ы|
#MAОбщий чат;Артур4ик;ы|
#MAОбщий чат;Артур4ик;чв|
#MAОбщий чат;Артур4ик;м|
#MAОбщий чат;Артур4ик;в|
#MAОбщий чат;Артур4ик;ы|
#MAОбщий чат;Артур4ик;ф|
#MAОбщий чат;Артур4ик;ц|
#MAОбщий чат;Артур4ик;у|
#MAОбщий чат;Артур4ик;к|
#MAОбщий чат;Артур4ик;е|
#MAОбщий чат;Артур4ик;н|
#MAОбщий чат;Артур4ик;г|
#MAОбщий чат;Артур4ик;ку|
#MAОбщий чат;Артур4ик;ы|
#MAОбщий чат;Артур4ик;ы|
#MAОбщий чат;Артур4ик;ы|
#MAОбщий чат;Артур4ик;ы|
#MAОбщий чат;Артур4ик;ы|
#MAОбщий чат;Артур4ик;ы|
#MAОбщий чат;Артур4ик;ы|
#MAОбщий чат;Артур4ик;ы|
#MAОбщий чат;Артур4ик;ы|
#H|
#U4Пидр;|
#MAОбщий чат;Пидр;ку|
#MAОбщий чат;Пидр;ы|
#MAОбщий чат;Пидр;ы|
#MAОбщий чат;Пидр;ы|
#OK0|#U6Артур4ик;|
#U6Артур4ик;6Пидр;|
#MAОбщий чат;Пидр;ку|
#MAОбщий чат;Пидр;ы|
#MAОбщий чат;Пидр;ку|
#MAОбщий чат;Пидр;ыа|
#MAОбщий чат;Пидр;ы|
#H|
#U6Артур4ик;|
#OK0|#U6Артур4ик;|
#OK1|#U6Артур4ик;6Пидр;|
#CH3Артур4ик|
#MAОбщий чат;Артур4ик;ку|
#MAОбщий чат;Артур4ик;ку|
#H|
#U6Пидр;|
#F|
#OK0|#U6Пидр;|
#MAОбщий чат;Пидр;ку|
#MAОбщий чат;Пидр;пацаныы|
#MAОбщий чат;Пидр;ы|
#MAОбщий чат;Пидр;ы|
#MAОбщий чат;Пидр;ы|
#MAОбщий чат;Пидр;ы|
#MAОбщий чат;Пидр;аы|
#OK1|#U6Пидр;6Артур4ик;|
#MAОбщий чат;Артур4ик;ку|
#MAОбщий чат;Артур4ик;а|
#MAОбщий чат;Артур4ик;ы|
#MAОбщий чат;Артур4ик;ы|
#MAОбщий чат;Артур4ик;ы|
#MAОбщий чат;Артур4ик;ы|
#MAОбщий чат;Пидр;ку|
#MAОбщий чат;Пидр;ы|
#MAОбщий чат;Пидр;ы|
#MAОбщий чат;Пидр;ы|
#MAОбщий чат;Пидр;ф|
#MAОбщий чат;Пидр;в|
#MAОбщий чат;Пидр;ы|
#MAОбщий чат;Пидр;ы|
#MAОбщий чат;Пидр;ы|
#MAОбщий чат;Пидр;ы|
#MAОбщий чат;Пидр;в|
#MAОбщий чат;Пидр;в|
#MAОбщий чат;Пидр;в|
#H|
#U6Артур4ик;|
#OK1|#U6Артур4ик;6Пидр;|
#MAОбщий чат;Артур4ик;ку|
#MAОбщий чат;Артур4ик;ы|
#MAОбщий чат;Артур4ик;ы|
#MAОбщий чат;Артур4ик;ы|
#MAОбщий чат;Пидр;ай|
#MAОбщий чат;Пидр;прывед|
#MAОбщий чат;Пидр;дарагой|
#MAОбщий чат;Пидр;чв|
#MAОбщий чат;Пидр;нишятк|
#MAОбщий чат;Пидр;всё ахуенна|
#MAОбщий чат;Пидр;сделал|
#MAОбщий чат;Пидр;ваще|
#H|
#U6Пидр;|
#OK0|#U6Артур4ик;|
#MAОбщий чат;Артур4ик;ай|
#MAОбщий чат;Артур4ик;а|
#MAОбщий чат;Артур4ик;ыа|
#MAОбщий чат;Артур4ик;ыа|
#MAОбщий чат;Артур4ик;ыв|
#MAОбщий чат;Артур4ик;ап|
#MAОбщий чат;Артур4ик;йцу|
#MAОбщий чат;Артур4ик;пцу|
#MAОбщий чат;Артур4ик;ы|
#MAОбщий чат;Артур4ик;п|
#MAОбщий чат;Артур4ик;ывп|
#MAОбщий чат;Артур4ик;ып|
#MAОбщий чат;Артур4ик;ыв|
#MAОбщий чат;Артур4ик;п|
#MAОбщий чат;Артур4ик;ыв|
#MAОбщий чат;Артур4ик;пу|
#MAОбщий чат;Артур4ик;ы|
#MAОбщий чат;Артур4ик;в|
#MAОбщий чат;Артур4ик;п|
#MAОбщий чат;Артур4ик;вы|
#MAОбщий чат;Артур4ик;в|
#MAОбщий чат;Артур4ик;в|
#MAОбщий чат;Артур4ик;ы|
#MAОбщий чат;Артур4ик;ф|
#OK0|#U6Артур4ик;|
#MAОбщий чат;Артур4ик;ы|
#MAОбщий чат;Артур4ик;авыа|
#MAОбщий чат;Артур4ик;ыа|
#OK0|#U6Артур4ик;|
#MAОбщий чат;Артур4ик;аыв|
#MAОбщий чат;Артур4ик;цу|
#MAОбщий чат;Артур4ик;пы|
#MAОбщий чат;Артур4ик;ы|
#MAОбщий чат;Артур4ик;ы|
#MAОбщий чат;Артур4ик;ы|
#MAОбщий чат;Артур4ик;ы|
#MAОбщий чат;Артур4ик;ы|
#MAОбщий чат;Артур4ик;ы|
#MAОбщий чат;Артур4ик;ы|
#MAОбщий чат;Артур4ик;ы|
#MAОбщий чат;Артур4ик;ы|
#MAОбщий чат;Артур4ик;ы|
#MAОбщий чат;Артур4ик;ы|
#MAОбщий чат;Артур4ик;ы|
#MAОбщий чат;Артур4ик;ц|
#MAОбщий чат;Артур4ик;уф|
#MAОбщий чат;Артур4ик;ы|
#MAОбщий чат;Артур4ик;в|
#MAОбщий чат;Артур4ик;ап|
#MAОбщий чат;Артур4ик;р|
#MAОбщий чат;Артур4ик;р|
#MAОбщий чат;Артур4ик;р|
#MAОбщий чат;Артур4ик;р|
#MAОбщий чат;Артур4ик;р|
#MAОбщий чат;Артур4ик;р|
#MAОбщий чат;Артур4ик;р|
#MAОбщий чат;Артур4ик;рва|
#OK0|#U6Артур4ик;|
#MAОбщий чат;Артур4ик;ыы|
#MAОбщий чат;Артур4ик;ы|
#MAОбщий чат;Артур4ик;ы|
#MAОбщий чат;Артур4ик;ы|
#MAОбщий чат;Артур4ик;ы|
#MAОбщий чат;Артур4ик;ы|
#MAОбщий чат;Артур4ик;ы|
#MAОбщий чат;Артур4ик;ы|
#MAОбщий чат;Артур4ик;ы|
#MAОбщий чат;Артур4ик;ы|
#MAОбщий чат;Артур4ик;ы|
#MAОбщий чат;Артур4ик;ы|
#MAОбщий чат;Артур4ик;ы|
#MAОбщий чат;Артур4ик;ы|
#MAОбщий чат;Артур4ик;ы|
#MAОбщий чат;Артур4ик;ы|
#MAОбщий чат;Артур4ик;ы|
#OK0|#U6Артур4ик;|
#MAОбщий чат;Артур4ик;аыв\|
#MAОбщий чат;Артур4ик;пыв|
#MAОбщий чат;Артур4ик;п|
#MAОбщий чат;Артур4ик;цу|
#MAОбщий чат;Артур4ик;к|
#MAОбщий чат;Артур4ик;цу|
#MAОбщий чат;Артур4ик;к|
#MAОбщий чат;Артур4ик;ыв|
#MAОбщий чат;Артур4ик;аавы|
#MAОбщий чат;Артур4ик;а|
#MAОбщий чат;Артур4ик;вы|
#MAОбщий чат;Артур4ик;а|
#MAОбщий чат;Артур4ик;ыв|
#MAОбщий чат;Артур4ик;а|
#MAОбщий чат;Артур4ик;а|
#MAОбщий чат;Артур4ик;в|
#MAОбщий чат;Артур4ик;ц|
#MAОбщий чат;Артур4ик;ц|
#MAОбщий чат;Артур4ик;ц|
#MAОбщий чат;Артур4ик;ц|
#MAОбщий чат;Артур4ик;ц|
#MAОбщий чат;Артур4ик;ц|
#MAОбщий чат;Артур4ик;ц|
#MAОбщий чат;Артур4ик;ц|
#Z|
#OK0|#U6Артур4ик;|
#MAОбщий чат;Артур4ик;авы|
#MAОбщий чат;Артур4ик;ав|
#MAОбщий чат;Артур4ик;ыа|
#MAОбщий чат;Артур4ик;ы|
#MAОбщий чат;Артур4ик;а|
#MAОбщий чат;Артур4ик;ы|
#MAОбщий чат;Артур4ик;аы|
#MAОбщий чат;Артур4ик;аы|
#MAОбщий чат;Артур4ик;а|
#MAОбщий чат;Артур4ик;ы|
#MAОбщий чат;Артур4ик;а|
#MAОбщий чат;Артур4ик;ыа|
#MAОбщий чат;Артур4ик;ы|
#MAОбщий чат;Артур4ик;а|
#MAОбщий чат;Артур4ик;ыа|
#MAОбщий чат;Артур4ик;ыа|
#MAОбщий чат;Артур4ик;ы|
#MAОбщий чат;Артур4ик;аы|
#MAОбщий чат;Артур4ик;а|
#MAОбщий чат;Артур4ик;ыа|
#MAОбщий чат;Артур4ик;а|
#MAОбщий чат;Артур4ик;ы|
#MAОбщий чат;Артур4ик;а|
#MAОбщий чат;Артур4ик;а|
#MAОбщий чат;Артур4ик;в|
#MAОбщий чат;Артур4ик;ыа|
#MAОбщий чат;Артур4ик;ы|
#OK0|#U6Артур4ик;|
#MAОбщий чат;Артур4ик;аыва\|
#OK0|#U6Артур4ик;|
#MAОбщий чат;Артур4ик;аыв|
#MAОбщий чат;Артур4ик;а|
#MAОбщий чат;Артур4ик;цп|
#MAОбщий чат;Артур4ик;уц|
#MAОбщий чат;Артур4ик;п|
#MAОбщий чат;Артур4ик;ы|
#MAОбщий чат;Артур4ик;вп|
#MAОбщий чат;Артур4ик;ывп|
#MAОбщий чат;Артур4ик;ы|
#MAОбщий чат;Артур4ик;ыыыы|
#MAОбщий чат;Артур4ик;ы|
#MAОбщий чат;Артур4ик;ы|
#MAОбщий чат;Артур4ик;ы|
#MAОбщий чат;Артур4ик;ы|
#MAОбщий чат;Артур4ик;ы|
#MAОбщий чат;Артур4ик;ы|
#MAОбщий чат;Артур4ик;ы|
#MAОбщий чат;Артур4ик;ы|
#MAОбщий чат;Артур4ик;ы|
#MAОбщий чат;Артур4ик;ы|
#OK0|#U6Артур4ик;|
#MAОбщий чат;Артур4ик;ывп|
#MAОбщий чат;Артур4ик;цуп|
#MAОбщий чат;Артур4ик;ыв|
#MAОбщий чат;Артур4ик;п|
#MAОбщий чат;Артур4ик;ыв|
#MAОбщий чат;Артур4ик;пыв|
#MAОбщий чат;Артур4ик;пыв|
#MAОбщий чат;Артур4ик;п|
#MAОбщий чат;Артур4ик;вы|
#MAОбщий чат;Артур4ик;впы|
#MAОбщий чат;Артур4ик;пыв|
#MAОбщий чат;Артур4ик;п|
#MAОбщий чат;Артур4ик;ыв|
#MAОбщий чат;Артур4ик;п|
#MAОбщий чат;Артур4ик;ывп|
#MAОбщий чат;Артур4ик;ыв|
#MAОбщий чат;Артур4ик;п|
#MAОбщий чат;Артур4ик;ыцу|
#MAОбщий чат;Артур4ик;уп|
#MAОбщий чат;Артур4ик;у|
#MAОбщий чат;Артур4ик;у|
#MAОбщий чат;Артур4ик;у|
#OK0|#U6Артур4ик;|
#MAОбщий чат;Артур4ик;авы|
#MAОбщий чат;Артур4ик;п|
#MAОбщий чат;Артур4ик;цу|
#MAОбщий чат;Артур4ик;пыв|
#MAОбщий чат;Артур4ик;п|
#MAОбщий чат;Артур4ик;ыу|
#MAОбщий чат;Артур4ик;п|
#MAОбщий чат;Артур4ик;цу|
#MAОбщий чат;Артур4ик;пц|
#MAОбщий чат;Артур4ик;цу|
#MAОбщий чат;Артур4ик;п|
#MAОбщий чат;Артур4ик;цу|
#MAОбщий чат;Артур4ик;п|
#MAОбщий чат;Артур4ик;цу|
#MAОбщий чат;Артур4ик;п|
#MAОбщий чат;Артур4ик;цу|
#MAОбщий чат;Артур4ик;пыв|
#OK0|#U6Артур4ик;|
#MAОбщий чат;Артур4ик;ыы|
#MAОбщий чат;Артур4ик;ы|
#MAОбщий чат;Артур4ик;ы|
#MAОбщий чат;Артур4ик;ы|
#MAОбщий чат;Артур4ик;ы|
#MAОбщий чат;Артур4ик;ы|
#MAОбщий чат;Артур4ик;ы|
#MAОбщий чат;Артур4ик;ы|
#MAОбщий чат;Артур4ик;ы|
#MAОбщий чат;Артур4ик;ы|
#MAОбщий чат;Артур4ик;ы|
#MAОбщий чат;Артур4ик;ы|
#MAОбщий чат;Артур4ик;ы|
#MAОбщий чат;Артур4ик;ы|
#MAОбщий чат;Артур4ик;ывп|
#MAОбщий чат;Артур4ик;уц|
#MAОбщий чат;Артур4ик;п|
#OK0|#U6Артур4ик;|
#MAОбщий чат;Артур4ик;ывппу|
#MAОбщий чат;Артур4ик;цп|
#MAОбщий чат;Артур4ик;ыв|
#MAОбщий чат;Артур4ик;п|
#MAОбщий чат;Артур4ик;ывп|
#MAОбщий чат;Артур4ик;цу|
#MAОбщий чат;Артур4ик;пыв|
#MAОбщий чат;Артур4ик;пцу|
#MAОбщий чат;Артур4ик;пы|
#MAОбщий чат;Артур4ик;вп|
#MAОбщий чат;Артур4ик;цу|
#MAОбщий чат;Артур4ик;п|
#MAОбщий чат;Артур4ик;цу|
#MAОбщий чат;Артур4ик;п|
#MAОбщий чат;Артур4ик;ыв|
#MAОбщий чат;Артур4ик;п|
#MAОбщий чат;Артур4ик;ы|
#MAОбщий чат;Артур4ик;вып|
#MAОбщий чат;Артур4ик;цуп|
#MAОбщий чат;Артур4ик;ыв|
#MAОбщий чат;Артур4ик;пу|
#OK0|#U6Артур4ик;|
#MAОбщий чат;Артур4ик;пыуп|
#MAОбщий чат;Артур4ик;в|
#MAОбщий чат;Артур4ик;ц|
#MAОбщий чат;Артур4ик;пу|
#MAОбщий чат;Артур4ик;цпы|
#MAОбщий чат;Артур4ик;в|
#MAОбщий чат;Артур4ик;п|
#MAОбщий чат;Артур4ик;ыва|
#MAОбщий чат;Артур4ик;пцу|
#MAОбщий чат;Артур4ик;пыв|
#MAОбщий чат;Артур4ик;п|
#MAОбщий чат;Артур4ик;цу|
#MAОбщий чат;Артур4ик;пц|
#MAОбщий чат;Артур4ик;уыва|
#MAОбщий чат;Артур4ик;ывп|
#MAОбщий чат;Артур4ик;ыв|
#MAОбщий чат;Артур4ик;а|
#MAОбщий чат;Артур4ик;пцу|
#MAОбщий чат;Артур4ик;пыв|
#MAОбщий чат;Артур4ик;пу|
#MAОбщий чат;Артур4ик;ц|
#MAОбщий чат;Артур4ик;ыа|
#MAОбщий чат;Артур4ик;в|
#MAОбщий чат;Артур4ик;ау|
#MAОбщий чат;Артур4ик;ца|
#MAОбщий чат;Артур4ик;ц|
#MAОбщий чат;Артур4ик;уа|
#MAОбщий чат;Артур4ик;уц|
#MAОбщий чат;Артур4ик;п|
#MAОбщий чат;Артур4ик;ыв|
#MAОбщий чат;Артур4ик;п|
#MAОбщий чат;Артур4ик;цу|
#MAОбщий чат;Артур4ик;па|
#MAОбщий чат;Артур4ик;цу|
#MAОбщий чат;Артур4ик;п|
#MAОбщий чат;Артур4ик;ыцвп|
#MAОбщий чат;Артур4ик;цу|
#MAОбщий чат;Артур4ик;п|
#MAОбщий чат;Артур4ик;ц|
#MAОбщий чат;Артур4ик;п|
#MAОбщий чат;Артур4ик;ыв|
#MAОбщий чат;Артур4ик;п|
#MAОбщий чат;Артур4ик;в|
#MAОбщий чат;Артур4ик;ы|
#MAОбщий чат;Артур4ик;ку|
#MAОбщий чат;Артур4ик;чв|
#MAОбщий чат;Артур4ик;ебалака|
#MAОбщий чат;Артур4ик;ты|
#MAОбщий чат;Артур4ик;сука|
#MAОбщий чат;Артур4ик;чв|
#OK0|#U6Артур4ик;|
#MAОбщий чат;Артур4ик;ы|
#MAОбщий чат;Артур4ик;ф|
#MAОбщий чат;Артур4ик;ф|
#MAОбщий чат;Артур4ик;фф|
#MAОбщий чат;Артур4ик;ф|
#MAОбщий чат;Артур4ик;ы|
#MAОбщий чат;Артур4ик;в|
#MAОбщий чат;Артур4ик;ыв|
#MAОбщий чат;Артур4ик;ц|
#MAОбщий чат;Артур4ик;ф|
#MAОбщий чат;Артур4ик;ца|
#MAОбщий чат;Артур4ик;Ц|
#MAОбщий чат;Артур4ик;А|
#MAОбщий чат;Артур4ик;ц|
#MAОбщий чат;Артур4ик;фы|
#MAОбщий чат;Артур4ик;а|
#MAОбщий чат;Артур4ик;ц|
#MAОбщий чат;Артур4ик;Афы|
#MAОбщий чат;Артур4ик;а|
#MAОбщий чат;Артур4ик;фыа|
#MAОбщий чат;Артур4ик;ыфа|
#MAОбщий чат;Артур4ик;аа|
#MAОбщий чат;Артур4ик;а|
#MAОбщий чат;Артур4ик;а|
#MAОбщий чат;Артур4ик;ыаф|
#MAОбщий чат;Артур4ик;ацф|
#MAОбщий чат;Артур4ик;пы|
#MAОбщий чат;Артур4ик;п|
#MAОбщий чат;Артур4ик;цу|
#MAОбщий чат;Артур4ик;пцу|
#MAОбщий чат;Артур4ик;п|
#MAОбщий чат;Артур4ик;ы|
#MAОбщий чат;Артур4ик;ып|
#MAОбщий чат;Артур4ик;ывп|
#MAОбщий чат;Артур4ик;ывп|
#MAОбщий чат;Артур4ик;йцу|
#MAОбщий чат;Артур4ик;пц|
#MAОбщий чат;Артур4ик;цу|
#MAОбщий чат;Артур4ик;пп|
#MAОбщий чат;Артур4ик;цуп|
#MAОбщий чат;Артур4ик;ыв|
#MAОбщий чат;Артур4ик;пуы|
#MAОбщий чат;Артур4ик;ыу|
#MAОбщий чат;Артур4ик;пыу|
#MAОбщий чат;Артур4ик;пыу|
#MAОбщий чат;Артур4ик;артр4ик|
#MAОбщий чат;Артур4ик;яд|
#MAОбщий чат;Артур4ик;а|
#MAОбщий чат;Артур4ик;а|
#MAОбщий чат;Артур4ик;а|
#MAОбщий чат;Артур4ик;а|
#MAОбщий чат;Артур4ик;а|
#MAОбщий чат;Артур4ик;а|
#MAОбщий чат;Артур4ик;а|
#MAОбщий чат;Артур4ик;а|
#OK0|#U6Артур4ик;|
#CH2Артур4ик|
#MAОбщий чат;Артур4ик;ку|
#MAОбщий чат;Артур4ик;ы|
#MAОбщий чат;Артур4ик;ф|
#MAОбщий чат;Артур4ик; |
#MAОбщий чат;Артур4ик;ы|
#OK0|#U6Артур4ик;|
#MAОбщий чат;Артур4ик;вы|
#MAОбщий чат;Артур4ик;ку|
#MAОбщий чат;Артур4ик;как дела|
#MАртур4ик;Артур4ик;ку|
#MАртур4ик;Артур4ик;ы|
#OK0|#U6Артур4ик;|
#MAОбщий чат;Артур4ик;аываывацу|
#MAОбщий чат;Артур4ик;ацу|
#MAОбщий чат;Артур4ик;ацу|
#MAОбщий чат;Артур4ик;ацу|
#MAОбщий чат;Артур4ик;цуа|
#MAОбщий чат;Артур4ик;цуа\|
#MAОбщий чат;Артур4ик;цуа|
#MAОбщий чат;Артур4ик;цуа|
#MAОбщий чат;Артур4ик;29:33, 05.05.2012]
ацу
Артур4ик [21:29:33, 05.05.2012]
ацу
Артур4ик [21:29:34, 05.05.2012]
цуа
Артур4ик [21:29:34, 05.05.2012]
цуа\
|
#OK0|#U6Артур4ик;|
#CH2Артур4ик|
#OK0|#U6Артур4ик;|
#CH1Артур4ик|
#CH6Артур4ик|
#MAОбщий чат;Артур4ик;лайк|
#MAОбщий чат;Артур4ик;хд|
#MAОбщий чат;Артур4ик;айлилала|
#MAОбщий чат;Артур4ик;ч|
#MAОбщий чат;Артур4ик;в|
#MAОбщий чат;Артур4ик;ы|
#MAОбщий чат;Артур4ик;ац|
#MAОбщий чат;Артур4ик;уп|
#MAОбщий чат;Артур4ик;ыва|
#MAОбщий чат;Артур4ик;цу|
#MAОбщий чат;Артур4ик;пы|
#MAОбщий чат;Артур4ик;вп|
#MAОбщий чат;Артур4ик;цу|
#MAОбщий чат;Артур4ик;кы|
#MAОбщий чат;Артур4ик;пу|
#MAОбщий чат;Артур4ик;ав|
#MAОбщий чат;Артур4ик;вы|
#MAОбщий чат;Артур4ик;аха|
#MAОбщий чат;Артур4ик;фууу|
#MAОбщий чат;Артур4ик;жесть|
#F|
#F|
#OK0|#U6Артур4ик;|
#MAОбщий чат;Артур4ик;то что даон|
#MAОбщий чат;Артур4ик;ы|
#MAОбщий чат;Артур4ик;хд|
#F|
#F|
#F|
#F|
#F|
#OK0|
#U6Артур4ик;|
#F|
#OK0|#U6Артур4ик;|
#OK0|#U6Артур4ик;|
#MAОбщий чат;Артур4ик;ку|
#MAОбщий чат;Артур4ик;пацаны|
#MAОбщий чат;Артур4ик;ы|
#MAОбщий чат;Артур4ик;хд|
#MAОбщий чат;Артур4ик;втф|
#OK0|#U6Артур4ик;|
#OK0|#U6Артур4ик;|
#MAОбщий чат;Артур4ик;лайк|
#OK0|#U6Артур4ик;|
#MAОбщий чат;Артур4ик;айлилал|
#MAОбщий чат;Артур4ик;как дела|
#OK0|#U6Артур4ик;|
#OK0|#U6Артур4ик;|
#MAОбщий чат;Артур4ик;к|
#MAОбщий чат;Артур4ик;аывп|
#MAОбщий чат;Артур4ик;цупы|
#MAОбщий чат;Артур4ик;вп|
#MAОбщий чат;Артур4ик;цу|
#OK0|#U6Артур4ик;|
#MAОбщий чат;Артур4ик;ы|
#H|
#U6Артур4ик;|
#H|
#U6Артур4ик;|
#U6Артур4ик;6Пидр;|
#MAОбщий чат;Артур4ик;ку|
#MAОбщий чат;Артур4ик;поцоныы|
#MAОбщий чат;Пидр;здарова|
#MAОбщий чат;Пидр;как дела|
#MAОбщий чат;Артур4ик;да ваще|
#MAОбщий чат;Артур4ик;ништях|
#H|
#U6Артур4ик;|
#OK0|#U6Артур4ик;|
#MAОбщий чат;Артур4ик;ы|
#MAОбщий чат;Артур4ик;form2.listview1.Items[0].ImageIndex:=6;|
#OK0|#U6Артур4ик;|
#MAОбщий чат;Артур4ик;ламосивья|
#MAОбщий чат;Артур4ик;хд|
#MAОбщий чат;Артур4ик;айлилала|
#MAОбщий чат;Артур4ик;хд|
#OK0|#U6Артур4ик;|
#MAОбщий чат;Артур4ик;123|
#MAОбщий чат;Артур4ик;ты упорот чтоле|
#MАртур4ик;Артур4ик;блять|
#MАртур4ик;Артур4ик;чв|
#MAОбщий чат;Артур4ик;аа|
#MAОбщий чат;Артур4ик;12|
#MAОбщий чат;Артур4ик;222|
#MAОбщий чат;Артур4ик;2|
#MAОбщий чат;Артур4ик;2|
#MAОбщий чат;Артур4ик;2|
#MAОбщий чат;Артур4ик;2|
#MAОбщий чат;Артур4ик;2|
#OK0|#U6Артур4ик;|
#MAОбщий чат;Артур4ик;123|
#CH2Артур4ик|
#CH6Артур4ик|
#OK0|#U6Артур4ик;|
#MАртур4ик;Артур4ик;ку|
#MАртур4ик;Артур4ик;123|
#MАртур4ик;Артур4ик;2|
#MАртур4ик;Артур4ик;514|
#MАртур4ик;Артур4ик;4|
#H|
#U6Артур4ик;|
#U6Артур4ик;6Пидр;|
#MАртур4ик;Пидр;ку|
#H|
#U6Артур4ик;|
#OK0|#U6Пидр;|
#MПидр;Пидр;123|
#MПидр;Пидр;войти|
#U6Пидр;6Артур4ик;|
#MПидр;Артур4ик;ку|
#H|
#U6Пидр;|
#OK1|#U6Артур4ик;6Пидр;|
#MАртур4ик;Пидр;ку|
#MПидр;Артур4ик;ы|
#MПидр;Артур4ик;ы|
#MПидр;Артур4ик;ы|
#MПидр;Артур4ик;ы|
#MПидр;Артур4ик;ы|
#MПидр;Артур4ик;ы|
#MПидр;Артур4ик;ы|
#MПидр;Артур4ик;ы|
#MПидр;Артур4ик;ы|
#MПидр;Артур4ик;ы|
#MПидр;Артур4ик;ы|
#MПидр;Артур4ик;ы|
#MПидр;Артур4ик;ы|
#MПидр;Артур4ик;ыы|
#MПидр;Артур4ик;ы|
#MПидр;Артур4ик;ы|
#H|
#U6Пидр;|
#OK0|#U6Пидр;|
#MПидр;Пидр;123|
#MПидр;Пидр;ц1|
#MПидр;Пидр;2|
#MПидр;Пидр;3|
#MПидр;Пидр;123|
#MПидр;Пидр;12|
#MПидр;Пидр;3|
#MПидр;Пидр;123|
#MПидр;Пидр;123|
#MПидр;Пидр;12|
#MПидр;Пидр;3|
#OK0|#U6Артур4ик;|
#MАртур4ик;Артур4ик;123|
#OK0|
#U6Артур4ик;|
#MАртур4ик;Артур4ик;ку|
#OK0|#U6Артур4ик;|
#U6Артур4ик;6Пидр;|
#MПидр;Артур4ик;ку|
#MПидр;Артур4ик;прывед|
#MАртур4ик;Пидр;ку|
#H|
#U6Артур4ик;|
#OK0|#U6Пидр;|
#U6Пидр;6Артур4ик;|
#MПидр;Артур4ик;ку\|
#MПидр;Артур4ик;123|
#MПидр;Артур4ик;1|
#MПидр;Артур4ик;1|
#MПидр;Артур4ик;1|
#MПидр;Артур4ик;1|
#MПидр;Пидр;123|
#H|
#U6Пидр;|
#OK1|#U6Артур4ик;6Пидр;|
#MПидр;Артур4ик;ку|
#MАртур4ик;Пидр;привет|
#MАртур4ик;Пидр;как дела|
#H|
#U6Пидр;|
#F|
#OK0|#U6Артур4ик;|
#U6Артур4ик;6Пидр;|
#MПидр;Артур4ик;ку|
#H|
#U6Артур4ик;|
#OK0|#U6Пидр;|
#U6Пидр;6Артур4ик;|
#MПидр;Артур4ик;ку|
#MПидр;Артур4ик;ы\|
#H|
#U6Пидр;|
#F|
#OK0|#U6Артур4ик;|
#U6Артур4ик;6Пидр;|
#MПидр;Артур4ик;ку|
#MАртур4ик;Пидр;ку\|
#MАртур4ик;Пидр;как дела|
#MАртур4ик;Пидр;да ваще заебысь|
#MАртур4ик;Пидр;ы|
#MПидр;Артур4ик;но|
#MПидр;Артур4ик;почему тогда|
#MАртур4ик;Пидр;такая хуита\|
#H|
#U6Артур4ик;|
#OK0|#U6Пидр;|
#U6Пидр;6Артур4ик;|
#MПидр;Артур4ик;ку\|
#MПидр;Артур4ик;ы|
#MАртур4ик;Пидр;ы|
#H|
#U6Пидр;|
#OK0|#U6Артур4ик;|
#U6Артур4ик;6Пидр;|
#MПидр;Артур4ик;ку|
#MАртур4ик;Пидр;здраствуй|
#MАртур4ик;Пидр;как делища|
#MПидр;Артур4ик;кул|
#MПидр;Артур4ик;рнаконец эта хуита пашет|
#MАртур4ик;Пидр;ыы|
#MАртур4ик;Пидр;дохера время убил|
#MАртур4ик;Пидр;пока это делал|
#CH0Артур4ик|
#CH6Артур4ик|
#H|
#U6Артур4ик;|
#OK0|#U6Артур4ик;|
#MАртур4ик;Артур4ик;123|
#MАртур4ик;Артур4ик;5|
#MАртур4ик;Артур4ик;5|
#MАртур4ик;Артур4ик;6|
#MАртур4ик;Артур4ик;51|
#MAОбщий чат;Артур4ик;23|
#MAОбщий чат;Артур4ик;5|
#MAОбщий чат;Артур4ик;25|
#MAОбщий чат;Артур4ик;5|
#MAОбщий чат;Артур4ик;2|
#MAОбщий чат;Артур4ик;2|
#MAОбщий чат;Артур4ик;2|
#MAОбщий чат;Артур4ик;2|
#MAОбщий чат;Артур4ик;2|
#MAОбщий чат;Артур4ик;2|
#MAОбщий чат;Артур4ик;2|
#MАртур4ик;Артур4ик;5|
#MАртур4ик;Артур4ик;5|
#MАртур4ик;Артур4ик;5|
#MАртур4ик;Артур4ик;5|
#MАртур4ик;Артур4ик;5|
#MАртур4ик;Артур4ик;5|
#MАртур4ик;Артур4ик;5|
#MАртур4ик;Артур4ик;5|
#MАртур4ик;Артур4ик;5|
#MАртур4ик;Артур4ик;5|
#MАртур4ик;Артур4ик;55|
#MАртур4ик;Артур4ик;5|
#F|
#OK0|#U6Артур4ик;|
#OK0|#U6Артур4ик;|
#MAОбщий чат;Артур4ик;у|
#MAОбщий чат;Артур4ик;ы|
#MАртур4ик;Артур4ик;ку|
#MАртур4ик;Артур4ик;как дела|
#MАртур4ик;Артур4ик;ы|
#MАртур4ик;Артур4ик;2|
#CH1Артур4ик|
#CH0Артур4ик|
#OK0|#U6Артур4ик;|
#MАртур4ик;Артур4ик;ку|
#MАртур4ик;Артур4ик;ы|
#CH2Артур4ик|
#MAОбщий чат;Артур4ик;здрасте|
#F|
#Z|
#F|
#OK0|#U6Артур4ик;|
#CH2Артур4ик|
#CH0Артур4ик|
#CH6Артур4ик|
#MAОбщий чат;Артур4ик;привет|
